[debug] [2022-04-13T19:59:26.616Z] ----------------------------------------------------------------------
[debug] [2022-04-13T19:59:26.618Z] Command:       C:\Program Files\nodejs\node.exe C:\Users\malen\AppData\Roaming\npm\node_modules\firebase-tools\lib\bin\firebase.js deploy
[debug] [2022-04-13T19:59:26.618Z] CLI Version:   10.6.0
[debug] [2022-04-13T19:59:26.618Z] Platform:      win32
[debug] [2022-04-13T19:59:26.618Z] Node Version:  v16.14.2
[debug] [2022-04-13T19:59:26.619Z] Time:          Wed Apr 13 2022 22:59:26 GMT+0300 (Москва, стандартное время)
[debug] [2022-04-13T19:59:26.620Z] ----------------------------------------------------------------------
[debug] 
[debug] [2022-04-13T19:59:26.685Z] Field ".hosting.rewrites" in "firebase.json" is possibly invalid: should be array
[debug] [2022-04-13T19:59:26.685Z] Field ".hosting" in "firebase.json" is possibly invalid: should be array
[debug] [2022-04-13T19:59:26.685Z] Field ".hosting" in "firebase.json" is possibly invalid: should match some schema in anyOf
[debug] [2022-04-13T19:59:26.691Z] >>> [apiv2][query] GET https://firebase.googleapis.com/v1beta1/projects/undefined [none]
[debug] [2022-04-13T19:59:27.221Z] <<< [apiv2][status] GET https://firebase.googleapis.com/v1beta1/projects/undefined 403
[debug] [2022-04-13T19:59:27.221Z] <<< [apiv2][body] GET https://firebase.googleapis.com/v1beta1/projects/undefined {"error":{"code":403,"message":"The caller does not have permission","status":"PERMISSION_DENIED"}}
[debug] [2022-04-13T19:59:27.222Z] HTTP Error: 403, The caller does not have permission
[debug] [2022-04-13T19:59:27.725Z] FirebaseError: HTTP Error: 403, The caller does not have permission
    at module.exports (C:\Users\malen\AppData\Roaming\npm\node_modules\firebase-tools\lib\responseToError.js:47:12)
    at RetryOperation._fn (C:\Users\malen\AppData\Roaming\npm\node_modules\firebase-tools\lib\apiv2.js:286:39)
    at processTicksAndRejections (node:internal/process/task_queues:96:5)
[error] 
[error] Error: Failed to get Firebase project undefined. Please make sure the project exists and your account has permission to access it.
